Arguments: 
  /home/dharshan/.nvm/versions/node/v20.14.0/bin/node /home/dharshan/.nvm/versions/node/v20.14.0/bin/yarn upgrade --latest

PATH: 
  /home/dharshan/.console-ninja/.bin:/home/dharshan/.console-ninja/.bin:/home/dharshan/.nvm/versions/node/v20.14.0/bin:/home/dharshan/.console-ninja/.bin:/home/dharshan/.nix-profile/bin:/home/dharshan/.cargo/bin:/usr/local/sbin:/usr/local/bin:/usr/bin:/opt/android-sdk/tools:/opt/android-sdk/tools/bin:/usr/lib/jvm/default/bin:/usr/bin/site_perl:/usr/bin/vendor_perl:/usr/bin/core_perl:/home/dharshan/cmdline-tools/tools/bin:/home/dharshan/cmdline-tools/platform-tools:/usr/lib/jvm/java-21-openjdk/bin:/home/dharshan/.local/share/JetBrains/Toolbox/scripts:/home/dharshan/.local/share/bin:/home/dharshan/cmdline-tools/tools/bin:/home/dharshan/cmdline-tools/platform-tools:/usr/lib/jvm/java-21-openjdk/bin:/home/dharshan/cmdline-tools/tools/bin:/home/dharshan/cmdline-tools/platform-tools:/usr/lib/jvm/java-21-openjdk/bin:/home/dharshan/cmdline-tools/tools/bin:/home/dharshan/cmdline-tools/platform-tools:/usr/lib/jvm/java-21-openjdk/bin

Yarn version: 
  1.19.1

Node version: 
  20.14.0

Platform: 
  linux x64

Trace: 
  TypeError: Cannot read properties of undefined (reading 'manifest')
      at _loop (/home/dharshan/.nvm/versions/node/v20.14.0/lib/node_modules/yarn/lib/cli.js:6973:102)
      at _loop.next (<anonymous>)
      at Add.<anonymous> (/home/dharshan/.nvm/versions/node/v20.14.0/lib/node_modules/yarn/lib/cli.js:7031:27)
      at Generator.next (<anonymous>)
      at step (/home/dharshan/.nvm/versions/node/v20.14.0/lib/node_modules/yarn/lib/cli.js:304:30)
      at /home/dharshan/.nvm/versions/node/v20.14.0/lib/node_modules/yarn/lib/cli.js:315:13

npm manifest: 
  {
    "name": "@Xchange/hardhat",
    "devDependencies": {
      "@nomicfoundation/hardhat-toolbox": "^5.0.0",
      "hardhat": "^2.22.5"
    }
  }

yarn manifest: 
  No manifest

Lockfile: 
  # THIS IS AN AUTOGENERATED FILE. DO NOT EDIT THIS FILE DIRECTLY.
  # yarn lockfile v1
